C:\Users\victor\Documents\GitHub\Engine-DX11\engine\Debug\engine.pdb
C:\Users\victor\Documents\GitHub\Engine-DX11\engine\engine\Debug\cl.command.1.tlog
C:\Users\victor\Documents\GitHub\Engine-DX11\engine\engine\Debug\CL.read.1.tlog
C:\Users\victor\Documents\GitHub\Engine-DX11\engine\engine\Debug\CL.write.1.tlog
C:\Users\victor\Documents\GitHub\Engine-DX11\engine\engine\Debug\engine.exe.embed.manifest
C:\USERS\VICTOR\DOCUMENTS\GITHUB\ENGINE-DX11\ENGINE\ENGINE\DEBUG\ENGINE.EXE.EMBED.MANIFEST.RES
C:\Users\victor\Documents\GitHub\Engine-DX11\engine\engine\Debug\engine.exe.intermediate.manifest
C:\Users\victor\Documents\GitHub\Engine-DX11\engine\engine\Debug\engine.write.1.tlog
C:\Users\victor\Documents\GitHub\Engine-DX11\engine\engine\Debug\engine_manifest.rc
C:\Users\victor\Documents\GitHub\Engine-DX11\engine\engine\Debug\link.command.1.tlog
C:\Users\victor\Documents\GitHub\Engine-DX11\engine\engine\Debug\link.read.1.tlog
C:\Users\victor\Documents\GitHub\Engine-DX11\engine\engine\Debug\link.write.1.tlog
C:\Users\victor\Documents\GitHub\Engine-DX11\engine\engine\Debug\link-cvtres.read.1.tlog
C:\Users\victor\Documents\GitHub\Engine-DX11\engine\engine\Debug\link-cvtres.write.1.tlog
C:\Users\victor\Documents\GitHub\Engine-DX11\engine\engine\Debug\rc.command.1.tlog
C:\Users\victor\Documents\GitHub\Engine-DX11\engine\engine\Debug\rc.read.1.tlog
C:\Users\victor\Documents\GitHub\Engine-DX11\engine\engine\Debug\rc.write.1.tlog
C:\USERS\VICTOR\DOCUMENTS\GITHUB\ENGINE-DX11\ENGINE\ENGINE\DEBUG\TUTORIAL02.OBJ
C:\Users\victor\Documents\GitHub\Engine-DX11\engine\engine\Debug\vc100.idb
C:\USERS\VICTOR\DOCUMENTS\GITHUB\ENGINE-DX11\ENGINE\ENGINE\DEBUG\VC100.PDB
