C:\Users\victor\Documents\GitHub\Engine-DX11\Tutoriales dx11\Tutorial06\Debug\cl.command.1.tlog
C:\Users\victor\Documents\GitHub\Engine-DX11\Tutoriales dx11\Tutorial06\Debug\CL.read.1.tlog
C:\Users\victor\Documents\GitHub\Engine-DX11\Tutoriales dx11\Tutorial06\Debug\CL.write.1.tlog
C:\Users\victor\Documents\GitHub\Engine-DX11\Tutoriales dx11\Tutorial06\Debug\link.command.1.tlog
C:\Users\victor\Documents\GitHub\Engine-DX11\Tutoriales dx11\Tutorial06\Debug\link.read.1.tlog
C:\Users\victor\Documents\GitHub\Engine-DX11\Tutoriales dx11\Tutorial06\Debug\link.write.1.tlog
C:\Users\victor\Documents\GitHub\Engine-DX11\Tutoriales dx11\Tutorial06\Debug\link-cvtres.read.1.tlog
C:\Users\victor\Documents\GitHub\Engine-DX11\Tutoriales dx11\Tutorial06\Debug\link-cvtres.write.1.tlog
C:\Users\victor\Documents\GitHub\Engine-DX11\Tutoriales dx11\Tutorial06\Debug\mt.command.1.tlog
C:\Users\victor\Documents\GitHub\Engine-DX11\Tutoriales dx11\Tutorial06\Debug\mt.read.1.tlog
C:\Users\victor\Documents\GitHub\Engine-DX11\Tutoriales dx11\Tutorial06\Debug\mt.write.1.tlog
C:\Users\victor\Documents\GitHub\Engine-DX11\Tutoriales dx11\Tutorial06\Debug\rc.command.1.tlog
C:\Users\victor\Documents\GitHub\Engine-DX11\Tutoriales dx11\Tutorial06\Debug\rc.read.1.tlog
C:\Users\victor\Documents\GitHub\Engine-DX11\Tutoriales dx11\Tutorial06\Debug\rc.write.1.tlog
C:\USERS\VICTOR\DOCUMENTS\GITHUB\ENGINE-DX11\TUTORIALES DX11\TUTORIAL06\DEBUG\TUTORIAL06.EXE
C:\USERS\VICTOR\DOCUMENTS\GITHUB\ENGINE-DX11\TUTORIALES DX11\TUTORIAL06\DEBUG\TUTORIAL06.EXE.EMBED.MANIFEST
C:\USERS\VICTOR\DOCUMENTS\GITHUB\ENGINE-DX11\TUTORIALES DX11\TUTORIAL06\DEBUG\TUTORIAL06.EXE.EMBED.MANIFEST.RES
C:\USERS\VICTOR\DOCUMENTS\GITHUB\ENGINE-DX11\TUTORIALES DX11\TUTORIAL06\DEBUG\TUTORIAL06.EXE.INTERMEDIATE.MANIFEST
C:\USERS\VICTOR\DOCUMENTS\GITHUB\ENGINE-DX11\TUTORIALES DX11\TUTORIAL06\DEBUG\TUTORIAL06.ILK
C:\USERS\VICTOR\DOCUMENTS\GITHUB\ENGINE-DX11\TUTORIALES DX11\TUTORIAL06\DEBUG\TUTORIAL06.OBJ
C:\USERS\VICTOR\DOCUMENTS\GITHUB\ENGINE-DX11\TUTORIALES DX11\TUTORIAL06\DEBUG\TUTORIAL06.PDB
C:\USERS\VICTOR\DOCUMENTS\GITHUB\ENGINE-DX11\TUTORIALES DX11\TUTORIAL06\DEBUG\TUTORIAL06.RES
C:\Users\victor\Documents\GitHub\Engine-DX11\Tutoriales dx11\Tutorial06\Debug\Tutorial06.write.1.tlog
C:\Users\victor\Documents\GitHub\Engine-DX11\Tutoriales dx11\Tutorial06\Debug\Tutorial06_manifest.rc
C:\Users\victor\Documents\GitHub\Engine-DX11\Tutoriales dx11\Tutorial06\Debug\vc100.idb
C:\USERS\VICTOR\DOCUMENTS\GITHUB\ENGINE-DX11\TUTORIALES DX11\TUTORIAL06\DEBUG\VC100.PDB
